2025-12-09T14:31:22:  ⨯ Failed to write image to cache erQJyPev3mu-7sePFDhX0DWGTsLwO1fv_9eYt9UBZZg Error: EACCES: permission denied, mkdir '/home/ubuntu/ai-ia-website/.next/cache/images/erQJyPev3mu-7sePFDhX0DWGTsLwO1fv_9eYt9UBZZg'
2025-12-09T14:31:22:     at ignore-listed frames {
2025-12-09T14:31:22:   errno: -13,
2025-12-09T14:31:22:   code: 'EACCES',
2025-12-09T14:31:22:   syscall: 'mkdir',
2025-12-09T14:31:22:   path: '/home/ubuntu/ai-ia-website/.next/cache/images/erQJyPev3mu-7sePFDhX0DWGTsLwO1fv_9eYt9UBZZg'
2025-12-09T14:31:22: }
2025-12-09T14:31:30:  ⨯ Failed to write image to cache p8TixYZF5O2vwUgwhvR15aYLsqTZWucquQQ_Cih0Vao Error: EACCES: permission denied, mkdir '/home/ubuntu/ai-ia-website/.next/cache/images/p8TixYZF5O2vwUgwhvR15aYLsqTZWucquQQ_Cih0Vao'
2025-12-09T14:31:30:     at ignore-listed frames {
2025-12-09T14:31:30:   errno: -13,
2025-12-09T14:31:30:   code: 'EACCES',
2025-12-09T14:31:30:   syscall: 'mkdir',
2025-12-09T14:31:30:   path: '/home/ubuntu/ai-ia-website/.next/cache/images/p8TixYZF5O2vwUgwhvR15aYLsqTZWucquQQ_Cih0Vao'
2025-12-09T14:31:30: }
2025-12-09T14:31:30:  ⨯ Failed to write image to cache erQJyPev3mu-7sePFDhX0DWGTsLwO1fv_9eYt9UBZZg Error: EACCES: permission denied, mkdir '/home/ubuntu/ai-ia-website/.next/cache/images/erQJyPev3mu-7sePFDhX0DWGTsLwO1fv_9eYt9UBZZg'
2025-12-09T14:31:30:     at ignore-listed frames {
2025-12-09T14:31:30:   errno: -13,
2025-12-09T14:31:30:   code: 'EACCES',
2025-12-09T14:31:30:   syscall: 'mkdir',
2025-12-09T14:31:30:   path: '/home/ubuntu/ai-ia-website/.next/cache/images/erQJyPev3mu-7sePFDhX0DWGTsLwO1fv_9eYt9UBZZg'
2025-12-09T14:31:30: }
2025-12-09T14:31:31:  ⨯ Failed to write image to cache --eFUUWVuz7UOUJ4jK_ziGchcomX-KupzbGlehLKXvI Error: EACCES: permission denied, mkdir '/home/ubuntu/ai-ia-website/.next/cache/images/--eFUUWVuz7UOUJ4jK_ziGchcomX-KupzbGlehLKXvI'
2025-12-09T14:31:31:     at ignore-listed frames {
2025-12-09T14:31:31:   errno: -13,
2025-12-09T14:31:31:   code: 'EACCES',
2025-12-09T14:31:31:   syscall: 'mkdir',
2025-12-09T14:31:31:   path: '/home/ubuntu/ai-ia-website/.next/cache/images/--eFUUWVuz7UOUJ4jK_ziGchcomX-KupzbGlehLKXvI'
2025-12-09T14:31:31: }
2025-12-09T15:22:52:  ⨯ Failed to write image to cache erQJyPev3mu-7sePFDhX0DWGTsLwO1fv_9eYt9UBZZg Error: EACCES: permission denied, mkdir '/home/ubuntu/ai-ia-website/.next/cache/images/erQJyPev3mu-7sePFDhX0DWGTsLwO1fv_9eYt9UBZZg'
2025-12-09T15:22:52:     at ignore-listed frames {
2025-12-09T15:22:52:   errno: -13,
2025-12-09T15:22:52:   code: 'EACCES',
2025-12-09T15:22:52:   syscall: 'mkdir',
2025-12-09T15:22:52:   path: '/home/ubuntu/ai-ia-website/.next/cache/images/erQJyPev3mu-7sePFDhX0DWGTsLwO1fv_9eYt9UBZZg'
2025-12-09T15:22:52: }
2025-12-09T15:22:52:  ⨯ Failed to write image to cache p8TixYZF5O2vwUgwhvR15aYLsqTZWucquQQ_Cih0Vao Error: EACCES: permission denied, mkdir '/home/ubuntu/ai-ia-website/.next/cache/images/p8TixYZF5O2vwUgwhvR15aYLsqTZWucquQQ_Cih0Vao'
2025-12-09T15:22:52:     at ignore-listed frames {
2025-12-09T15:22:52:   errno: -13,
2025-12-09T15:22:52:   code: 'EACCES',
2025-12-09T15:22:52:   syscall: 'mkdir',
2025-12-09T15:22:52:   path: '/home/ubuntu/ai-ia-website/.next/cache/images/p8TixYZF5O2vwUgwhvR15aYLsqTZWucquQQ_Cih0Vao'
2025-12-09T15:22:52: }
2025-12-09T15:22:53:  ⨯ Failed to write image to cache --eFUUWVuz7UOUJ4jK_ziGchcomX-KupzbGlehLKXvI Error: EACCES: permission denied, mkdir '/home/ubuntu/ai-ia-website/.next/cache/images/--eFUUWVuz7UOUJ4jK_ziGchcomX-KupzbGlehLKXvI'
2025-12-09T15:22:53:     at ignore-listed frames {
2025-12-09T15:22:53:   errno: -13,
2025-12-09T15:22:53:   code: 'EACCES',
2025-12-09T15:22:53:   syscall: 'mkdir',
2025-12-09T15:22:53:   path: '/home/ubuntu/ai-ia-website/.next/cache/images/--eFUUWVuz7UOUJ4jK_ziGchcomX-KupzbGlehLKXvI'
2025-12-09T15:22:53: }
2025-12-09T15:22:57:  ⨯ Failed to write image to cache Fv8T6NgU8p1s1L0HWM_-zRihi-I9Vxt2uRH2xFsOaP4 Error: EACCES: permission denied, mkdir '/home/ubuntu/ai-ia-website/.next/cache/images/Fv8T6NgU8p1s1L0HWM_-zRihi-I9Vxt2uRH2xFsOaP4'
2025-12-09T15:22:57:     at ignore-listed frames {
2025-12-09T15:22:57:   errno: -13,
2025-12-09T15:22:57:   code: 'EACCES',
2025-12-09T15:22:57:   syscall: 'mkdir',
2025-12-09T15:22:57:   path: '/home/ubuntu/ai-ia-website/.next/cache/images/Fv8T6NgU8p1s1L0HWM_-zRihi-I9Vxt2uRH2xFsOaP4'
2025-12-09T15:22:57: }
2025-12-09T15:22:57:  ⨯ Failed to write image to cache iOq4zmei71xpob2vWdORSeNjhMpFkzo84snIxj3zt2M Error: EACCES: permission denied, mkdir '/home/ubuntu/ai-ia-website/.next/cache/images/iOq4zmei71xpob2vWdORSeNjhMpFkzo84snIxj3zt2M'
2025-12-09T15:22:57:     at ignore-listed frames {
2025-12-09T15:22:57:   errno: -13,
2025-12-09T15:22:57:   code: 'EACCES',
2025-12-09T15:22:57:   syscall: 'mkdir',
2025-12-09T15:22:57:   path: '/home/ubuntu/ai-ia-website/.next/cache/images/iOq4zmei71xpob2vWdORSeNjhMpFkzo84snIxj3zt2M'
2025-12-09T15:22:57: }
2025-12-09T15:22:58:  ⨯ Failed to write image to cache NcXckYp1zN_XmYDcTmt5Oq6yfLt50rbWO86x9ReDG1s Error: EACCES: permission denied, mkdir '/home/ubuntu/ai-ia-website/.next/cache/images/NcXckYp1zN_XmYDcTmt5Oq6yfLt50rbWO86x9ReDG1s'
2025-12-09T15:22:58:     at ignore-listed frames {
2025-12-09T15:22:58:   errno: -13,
2025-12-09T15:22:58:   code: 'EACCES',
2025-12-09T15:22:58:   syscall: 'mkdir',
2025-12-09T15:22:58:   path: '/home/ubuntu/ai-ia-website/.next/cache/images/NcXckYp1zN_XmYDcTmt5Oq6yfLt50rbWO86x9ReDG1s'
2025-12-09T15:22:58: }
2025-12-09T15:23:28:  ⨯ Failed to write image to cache erQJyPev3mu-7sePFDhX0DWGTsLwO1fv_9eYt9UBZZg Error: EACCES: permission denied, mkdir '/home/ubuntu/ai-ia-website/.next/cache/images/erQJyPev3mu-7sePFDhX0DWGTsLwO1fv_9eYt9UBZZg'
2025-12-09T15:23:28:     at ignore-listed frames {
2025-12-09T15:23:28:   errno: -13,
2025-12-09T15:23:28:   code: 'EACCES',
2025-12-09T15:23:28:   syscall: 'mkdir',
2025-12-09T15:23:28:   path: '/home/ubuntu/ai-ia-website/.next/cache/images/erQJyPev3mu-7sePFDhX0DWGTsLwO1fv_9eYt9UBZZg'
2025-12-09T15:23:28: }
2025-12-09T15:23:29:  ⨯ Failed to write image to cache p8TixYZF5O2vwUgwhvR15aYLsqTZWucquQQ_Cih0Vao Error: EACCES: permission denied, mkdir '/home/ubuntu/ai-ia-website/.next/cache/images/p8TixYZF5O2vwUgwhvR15aYLsqTZWucquQQ_Cih0Vao'
2025-12-09T15:23:29:     at ignore-listed frames {
2025-12-09T15:23:29:   errno: -13,
2025-12-09T15:23:29:   code: 'EACCES',
2025-12-09T15:23:29:   syscall: 'mkdir',
2025-12-09T15:23:29:   path: '/home/ubuntu/ai-ia-website/.next/cache/images/p8TixYZF5O2vwUgwhvR15aYLsqTZWucquQQ_Cih0Vao'
2025-12-09T15:23:29: }
2025-12-09T15:23:31:  ⨯ Failed to write image to cache --eFUUWVuz7UOUJ4jK_ziGchcomX-KupzbGlehLKXvI Error: EACCES: permission denied, mkdir '/home/ubuntu/ai-ia-website/.next/cache/images/--eFUUWVuz7UOUJ4jK_ziGchcomX-KupzbGlehLKXvI'
2025-12-09T15:23:31:     at ignore-listed frames {
2025-12-09T15:23:31:   errno: -13,
2025-12-09T15:23:31:   code: 'EACCES',
2025-12-09T15:23:31:   syscall: 'mkdir',
2025-12-09T15:23:31:   path: '/home/ubuntu/ai-ia-website/.next/cache/images/--eFUUWVuz7UOUJ4jK_ziGchcomX-KupzbGlehLKXvI'
2025-12-09T15:23:31: }
2025-12-09T18:08:33:  ⨯ Failed to write image to cache p8TixYZF5O2vwUgwhvR15aYLsqTZWucquQQ_Cih0Vao Error: EACCES: permission denied, mkdir '/home/ubuntu/ai-ia-website/.next/cache/images/p8TixYZF5O2vwUgwhvR15aYLsqTZWucquQQ_Cih0Vao'
2025-12-09T18:08:33:     at ignore-listed frames {
2025-12-09T18:08:33:   errno: -13,
2025-12-09T18:08:33:   code: 'EACCES',
2025-12-09T18:08:33:   syscall: 'mkdir',
2025-12-09T18:08:33:   path: '/home/ubuntu/ai-ia-website/.next/cache/images/p8TixYZF5O2vwUgwhvR15aYLsqTZWucquQQ_Cih0Vao'
2025-12-09T18:08:33: }
2025-12-09T18:08:33:  ⨯ Failed to write image to cache --eFUUWVuz7UOUJ4jK_ziGchcomX-KupzbGlehLKXvI Error: EACCES: permission denied, mkdir '/home/ubuntu/ai-ia-website/.next/cache/images/--eFUUWVuz7UOUJ4jK_ziGchcomX-KupzbGlehLKXvI'
2025-12-09T18:08:33:     at ignore-listed frames {
2025-12-09T18:08:33:   errno: -13,
2025-12-09T18:08:33:   code: 'EACCES',
2025-12-09T18:08:33:   syscall: 'mkdir',
2025-12-09T18:08:33:   path: '/home/ubuntu/ai-ia-website/.next/cache/images/--eFUUWVuz7UOUJ4jK_ziGchcomX-KupzbGlehLKXvI'
2025-12-09T18:08:33: }
2025-12-09T18:09:10:  ⨯ Failed to write image to cache erQJyPev3mu-7sePFDhX0DWGTsLwO1fv_9eYt9UBZZg Error: EACCES: permission denied, mkdir '/home/ubuntu/ai-ia-website/.next/cache/images/erQJyPev3mu-7sePFDhX0DWGTsLwO1fv_9eYt9UBZZg'
2025-12-09T18:09:10:     at ignore-listed frames {
2025-12-09T18:09:10:   errno: -13,
2025-12-09T18:09:10:   code: 'EACCES',
2025-12-09T18:09:10:   syscall: 'mkdir',
2025-12-09T18:09:10:   path: '/home/ubuntu/ai-ia-website/.next/cache/images/erQJyPev3mu-7sePFDhX0DWGTsLwO1fv_9eYt9UBZZg'
2025-12-09T18:09:10: }
2025-12-09T18:09:12:  ⨯ Failed to write image to cache p8TixYZF5O2vwUgwhvR15aYLsqTZWucquQQ_Cih0Vao Error: EACCES: permission denied, mkdir '/home/ubuntu/ai-ia-website/.next/cache/images/p8TixYZF5O2vwUgwhvR15aYLsqTZWucquQQ_Cih0Vao'
2025-12-09T18:09:12:     at ignore-listed frames {
2025-12-09T18:09:12:   errno: -13,
2025-12-09T18:09:12:   code: 'EACCES',
2025-12-09T18:09:12:   syscall: 'mkdir',
2025-12-09T18:09:12:   path: '/home/ubuntu/ai-ia-website/.next/cache/images/p8TixYZF5O2vwUgwhvR15aYLsqTZWucquQQ_Cih0Vao'
2025-12-09T18:09:12: }
2025-12-09T18:09:16:  ⨯ Failed to write image to cache --eFUUWVuz7UOUJ4jK_ziGchcomX-KupzbGlehLKXvI Error: EACCES: permission denied, mkdir '/home/ubuntu/ai-ia-website/.next/cache/images/--eFUUWVuz7UOUJ4jK_ziGchcomX-KupzbGlehLKXvI'
2025-12-09T18:09:16:     at ignore-listed frames {
2025-12-09T18:09:16:   errno: -13,
2025-12-09T18:09:16:   code: 'EACCES',
2025-12-09T18:09:16:   syscall: 'mkdir',
2025-12-09T18:09:16:   path: '/home/ubuntu/ai-ia-website/.next/cache/images/--eFUUWVuz7UOUJ4jK_ziGchcomX-KupzbGlehLKXvI'
2025-12-09T18:09:16: }
2025-12-09T19:38:11:  ⨯ Failed to write image to cache erQJyPev3mu-7sePFDhX0DWGTsLwO1fv_9eYt9UBZZg Error: EACCES: permission denied, mkdir '/home/ubuntu/ai-ia-website/.next/cache/images/erQJyPev3mu-7sePFDhX0DWGTsLwO1fv_9eYt9UBZZg'
2025-12-09T19:38:11:     at ignore-listed frames {
2025-12-09T19:38:11:   errno: -13,
2025-12-09T19:38:11:   code: 'EACCES',
2025-12-09T19:38:11:   syscall: 'mkdir',
2025-12-09T19:38:11:   path: '/home/ubuntu/ai-ia-website/.next/cache/images/erQJyPev3mu-7sePFDhX0DWGTsLwO1fv_9eYt9UBZZg'
2025-12-09T19:38:11: }
2025-12-09T19:38:11:  ⨯ Failed to write image to cache p8TixYZF5O2vwUgwhvR15aYLsqTZWucquQQ_Cih0Vao Error: EACCES: permission denied, mkdir '/home/ubuntu/ai-ia-website/.next/cache/images/p8TixYZF5O2vwUgwhvR15aYLsqTZWucquQQ_Cih0Vao'
2025-12-09T19:38:11:     at ignore-listed frames {
2025-12-09T19:38:11:   errno: -13,
2025-12-09T19:38:11:   code: 'EACCES',
2025-12-09T19:38:11:   syscall: 'mkdir',
2025-12-09T19:38:11:   path: '/home/ubuntu/ai-ia-website/.next/cache/images/p8TixYZF5O2vwUgwhvR15aYLsqTZWucquQQ_Cih0Vao'
2025-12-09T19:38:11: }
2025-12-09T19:38:11:  ⨯ Failed to write image to cache --eFUUWVuz7UOUJ4jK_ziGchcomX-KupzbGlehLKXvI Error: EACCES: permission denied, mkdir '/home/ubuntu/ai-ia-website/.next/cache/images/--eFUUWVuz7UOUJ4jK_ziGchcomX-KupzbGlehLKXvI'
2025-12-09T19:38:11:     at ignore-listed frames {
2025-12-09T19:38:11:   errno: -13,
2025-12-09T19:38:11:   code: 'EACCES',
2025-12-09T19:38:11:   syscall: 'mkdir',
2025-12-09T19:38:11:   path: '/home/ubuntu/ai-ia-website/.next/cache/images/--eFUUWVuz7UOUJ4jK_ziGchcomX-KupzbGlehLKXvI'
2025-12-09T19:38:11: }
2025-12-10T00:29:53: Error: Failed to find Server Action "x". This request might be from an older or newer deployment.
2025-12-10T00:29:53: Read more: https://nextjs.org/docs/messages/failed-to-find-server-action
2025-12-10T00:29:53:     at async m (.next/server/chunks/ssr/_37435df3._.js:1:6563)
2025-12-10T00:29:53:     at async o (.next/server/chunks/ssr/_37435df3._.js:2:2713)
2025-12-10T00:29:53:     at async J (.next/server/chunks/ssr/_37435df3._.js:2:7928)
2025-12-10T05:58:26:  ⨯ Failed to write image to cache p8TixYZF5O2vwUgwhvR15aYLsqTZWucquQQ_Cih0Vao Error: EACCES: permission denied, mkdir '/home/ubuntu/ai-ia-website/.next/cache/images/p8TixYZF5O2vwUgwhvR15aYLsqTZWucquQQ_Cih0Vao'
2025-12-10T05:58:26:     at ignore-listed frames {
2025-12-10T05:58:26:   errno: -13,
2025-12-10T05:58:26:   code: 'EACCES',
2025-12-10T05:58:26:   syscall: 'mkdir',
2025-12-10T05:58:26:   path: '/home/ubuntu/ai-ia-website/.next/cache/images/p8TixYZF5O2vwUgwhvR15aYLsqTZWucquQQ_Cih0Vao'
2025-12-10T05:58:26: }
2025-12-10T05:58:26:  ⨯ Failed to write image to cache erQJyPev3mu-7sePFDhX0DWGTsLwO1fv_9eYt9UBZZg Error: EACCES: permission denied, mkdir '/home/ubuntu/ai-ia-website/.next/cache/images/erQJyPev3mu-7sePFDhX0DWGTsLwO1fv_9eYt9UBZZg'
2025-12-10T05:58:26:     at ignore-listed frames {
2025-12-10T05:58:26:   errno: -13,
2025-12-10T05:58:26:   code: 'EACCES',
2025-12-10T05:58:26:   syscall: 'mkdir',
2025-12-10T05:58:26:   path: '/home/ubuntu/ai-ia-website/.next/cache/images/erQJyPev3mu-7sePFDhX0DWGTsLwO1fv_9eYt9UBZZg'
2025-12-10T05:58:26: }
2025-12-10T05:58:26:  ⨯ Failed to write image to cache --eFUUWVuz7UOUJ4jK_ziGchcomX-KupzbGlehLKXvI Error: EACCES: permission denied, mkdir '/home/ubuntu/ai-ia-website/.next/cache/images/--eFUUWVuz7UOUJ4jK_ziGchcomX-KupzbGlehLKXvI'
2025-12-10T05:58:26:     at ignore-listed frames {
2025-12-10T05:58:26:   errno: -13,
2025-12-10T05:58:26:   code: 'EACCES',
2025-12-10T05:58:26:   syscall: 'mkdir',
2025-12-10T05:58:26:   path: '/home/ubuntu/ai-ia-website/.next/cache/images/--eFUUWVuz7UOUJ4jK_ziGchcomX-KupzbGlehLKXvI'
2025-12-10T05:58:26: }
