2025-12-10T19:15:58: 
2025-12-10T19:15:58: > ai-ia-website-next@0.1.0 start
2025-12-10T19:15:58: > next start
2025-12-10T19:15:58: 
2025-12-10T19:15:58:    ▲ Next.js 16.0.7
2025-12-10T19:15:58:    - Local:         http://localhost:3000
2025-12-10T19:15:58:    - Network:       http://172.31.18.248:3000
2025-12-10T19:15:58: 
2025-12-10T19:15:58:  ✓ Starting...
2025-12-10T19:15:59:  ✓ Ready in 442ms
2025-12-10T20:02:39: 
2025-12-10T20:02:39: > ai-ia-website-next@0.1.0 start
2025-12-10T20:02:39: > next start
2025-12-10T20:02:39: 
2025-12-10T20:02:40:    ▲ Next.js 16.0.7
2025-12-10T20:02:40:    - Local:         http://localhost:3000
2025-12-10T20:02:40:    - Network:       http://172.31.18.248:3000
2025-12-10T20:02:40: 
2025-12-10T20:02:40:  ✓ Starting...
2025-12-10T20:02:40:  ✓ Ready in 819ms
2025-12-12T19:57:41: 
2025-12-12T19:57:41: > ai-ia-website-next@0.1.0 start
2025-12-12T19:57:41: > next start
2025-12-12T19:57:41: 
2025-12-12T19:57:42:    ▲ Next.js 16.0.7
2025-12-12T19:57:42:    - Local:         http://localhost:3000
2025-12-12T19:57:42:    - Network:       http://172.31.18.248:3000
2025-12-12T19:57:42: 
2025-12-12T19:57:42:  ✓ Starting...
2025-12-12T19:57:43:  ✓ Ready in 1347ms
